<?xml version="1.0" encoding="UTF-8"?>
<!-- Generated by org.testng.reporters.JUnitReportReporter -->
<testsuite skipped="0" hostname="DESKTOP-PN3ADTT" name="Package1.TestClass1" tests="3" failures="0" timestamp="16 Dec 2018 06:13:36 GMT" time="0.016" errors="0">
  <testcase name="f3" time="0.000" classname="Package1.TestClass1"/>
  <testcase name="f4" time="0.000" classname="Package1.TestClass1"/>
  <testcase name="f2" time="0.016" classname="Package1.TestClass1"/>
</testsuite> <!-- Package1.TestClass1 -->
