<?xml version="1.0" encoding="UTF-8"?>
<!-- Generated by org.testng.reporters.JUnitReportReporter -->
<testsuite skipped="1" hostname="DESKTOP-PN3ADTT" name="Package1.TestClass1" tests="5" failures="0" timestamp="06 Jun 2019 07:19:53 GMT" time="0.020" errors="0">
  <testcase name="f" time="0.004" classname="Package1.TestClass1"/>
  <testcase name="f" time="0.012" classname="Package1.TestClass1"/>
  <testcase name="f1" time="0.000" classname="Package1.TestClass1"/>
  <testcase name="f" time="0.004" classname="Package1.TestClass1"/>
  <testcase name="f2" classname="Package1.TestClass1">
    <skipped/>
  </testcase> <!-- f2 -->
</testsuite> <!-- Package1.TestClass1 -->
