<?xml version="1.0" encoding="UTF-8"?>
<!-- Generated by org.testng.reporters.JUnitReportReporter -->
<testsuite skipped="0" hostname="DESKTOP-PN3ADTT" name="Package1.TestClass1" tests="1" failures="0" timestamp="22 Dec 2018 05:50:56 GMT" time="14.528" errors="0">
  <testcase name="f" time="14.528" classname="Package1.TestClass1"/>
</testsuite> <!-- Package1.TestClass1 -->
