<?xml version="1.0" encoding="UTF-8"?>
<!-- Generated by org.testng.reporters.JUnitReportReporter -->
<testsuite skipped="0" hostname="DESKTOP-PN3ADTT" name="Package2.TestClass2" tests="1" failures="0" timestamp="22 Dec 2018 05:50:56 GMT" time="71.265" errors="0">
  <testcase name="f" time="71.265" classname="Package2.TestClass2"/>
</testsuite> <!-- Package2.TestClass2 -->
