<?xml version="1.0" encoding="UTF-8"?>
<!-- Generated by org.testng.reporters.JUnitReportReporter -->
<testsuite skipped="0" hostname="DESKTOP-PN3ADTT" name="Package1.TestClass" tests="2" failures="0" timestamp="15 Jan 2019 12:41:12 GMT" time="74.538" errors="0">
  <testcase name="f" time="23.245" classname="Package1.TestClass"/>
  <testcase name="f" time="51.293" classname="Package1.TestClass"/>
</testsuite> <!-- Package1.TestClass -->
