<?xml version="1.0" encoding="UTF-8"?>
<!-- Generated by org.testng.reporters.JUnitReportReporter -->
<testsuite skipped="0" hostname="DESKTOP-PN3ADTT" name="Package1.ListenerTestNGclass" tests="1" failures="0" timestamp="15 Jan 2019 08:55:07 GMT" time="29.033" errors="0">
  <testcase name="f" time="29.033" classname="Package1.ListenerTestNGclass"/>
</testsuite> <!-- Package1.ListenerTestNGclass -->
