<?xml version="1.0" encoding="UTF-8"?>
<!-- Generated by org.testng.reporters.JUnitReportReporter -->
<testsuite skipped="0" hostname="DESKTOP-PN3ADTT" name="Package1.TestClass1" tests="2" failures="0" timestamp="04 Jun 2019 23:28:39 GMT" time="13.225" errors="0">
  <testcase name="f1" time="0.012" classname="Package1.TestClass1"/>
  <testcase name="f" time="13.213" classname="Package1.TestClass1"/>
</testsuite> <!-- Package1.TestClass1 -->
