<?xml version="1.0" encoding="UTF-8"?>
<!-- Generated by org.testng.reporters.JUnitReportReporter -->
<testsuite skipped="0" hostname="DESKTOP-PN3ADTT" name="Package2.TestClass2" tests="2" failures="0" timestamp="04 Jun 2019 23:28:39 GMT" time="22.375" errors="0">
  <testcase name="f2" time="0.012" classname="Package2.TestClass2"/>
  <testcase name="f" time="22.363" classname="Package2.TestClass2"/>
</testsuite> <!-- Package2.TestClass2 -->
