<?xml version="1.0" encoding="UTF-8"?>
<!-- Generated by org.testng.reporters.JUnitReportReporter -->
<testsuite skipped="0" hostname="DESKTOP-PN3ADTT" name="LoginTest.NewTest" tests="1" failures="0" timestamp="24 Mar 2019 18:38:31 GMT" time="21.616" errors="0">
  <testcase name="LoginTest" time="21.616" classname="LoginTest.NewTest"/>
</testsuite> <!-- LoginTest.NewTest -->
