<?xml version="1.0" encoding="UTF-8"?>
<!-- Generated by org.testng.reporters.JUnitReportReporter -->
<testsuite skipped="0" hostname="DESKTOP-PN3ADTT" name="WebElementsAndLogin.LoginFB" tests="1" failures="0" timestamp="17 Sep 2019 16:20:37 GMT" time="0.009" errors="0">
  <testcase name="beforeTest" time="0.009" classname="WebElementsAndLogin.LoginFB"/>
</testsuite> <!-- WebElementsAndLogin.LoginFB -->
