<?xml version="1.0" encoding="UTF-8"?>
<!-- Generated by org.testng.reporters.JUnitReportReporter -->
<testsuite skipped="0" hostname="DESKTOP-PN3ADTT" name="PageObjects.TestClass1" tests="1" failures="0" timestamp="23 Dec 2018 07:37:23 GMT" time="0.008" errors="0">
  <testcase name="f" time="0.008" classname="PageObjects.TestClass1"/>
</testsuite> <!-- PageObjects.TestClass1 -->
