<?xml version="1.0" encoding="UTF-8"?>
<!-- Generated by org.testng.reporters.JUnitReportReporter -->
<testsuite skipped="0" hostname="DESKTOP-PN3ADTT" name="Package1.TestClass2" tests="1" failures="0" timestamp="09 Jun 2019 22:32:02 GMT" time="0.008" errors="0">
  <testcase name="f" time="0.008" classname="Package1.TestClass2"/>
</testsuite> <!-- Package1.TestClass2 -->
