<?xml version="1.0" encoding="UTF-8"?>
<!-- Generated by org.testng.reporters.JUnitReportReporter -->
<testsuite skipped="0" hostname="DESKTOP-PN3ADTT" name="Package1.TestClass2" tests="1" failures="0" timestamp="06 Jun 2019 07:17:03 GMT" time="0.004" errors="0">
  <testcase name="f4" time="0.004" classname="Package1.TestClass2"/>
</testsuite> <!-- Package1.TestClass2 -->
