<?xml version="1.0" encoding="UTF-8"?>
<!-- Generated by org.testng.reporters.JUnitReportReporter -->
<testsuite skipped="0" hostname="DESKTOP-PN3ADTT" name="usingTestNG.TestingTestNG4" tests="1" failures="0" timestamp="15 Dec 2018 06:41:58 GMT" time="6.543" errors="0">
  <testcase name="login" time="6.543" classname="usingTestNG.TestingTestNG4"/>
</testsuite> <!-- usingTestNG.TestingTestNG4 -->
