<?xml version="1.0" encoding="UTF-8"?>
<!-- Generated by org.testng.reporters.JUnitReportReporter -->
<testsuite skipped="0" hostname="DESKTOP-PN3ADTT" name="usingTestNG.TestingTestNG3" tests="1" failures="0" timestamp="15 Jan 2019 14:09:13 GMT" time="0.004" errors="0">
  <testcase name="f" time="0.004" classname="usingTestNG.TestingTestNG3"/>
</testsuite> <!-- usingTestNG.TestingTestNG3 -->
