<?xml version="1.0" encoding="UTF-8"?>
<!-- Generated by org.testng.reporters.JUnitReportReporter -->
<testsuite skipped="0" hostname="DESKTOP-PN3ADTT" name="usingTestNG.TestNGdemo" tests="1" failures="0" timestamp="04 Jun 2019 22:42:36 GMT" time="0.024" errors="0">
  <testcase name="f" time="0.024" classname="usingTestNG.TestNGdemo"/>
</testsuite> <!-- usingTestNG.TestNGdemo -->
