<?xml version="1.0" encoding="UTF-8"?>
<!-- Generated by org.testng.reporters.JUnitReportReporter -->
<testsuite skipped="0" hostname="DESKTOP-PN3ADTT" name="Package1.TestClass2" tests="5" failures="0" timestamp="15 Dec 2018 17:56:59 GMT" time="0.005" errors="0">
  <testcase name="f13" time="0.001" classname="Package1.TestClass2"/>
  <testcase name="f14" time="0.001" classname="Package1.TestClass2"/>
  <testcase name="f12" time="0.001" classname="Package1.TestClass2"/>
  <testcase name="f1" time="0.001" classname="Package1.TestClass2"/>
  <testcase name="f11" time="0.001" classname="Package1.TestClass2"/>
</testsuite> <!-- Package1.TestClass2 -->
