<?xml version="1.0" encoding="UTF-8"?>
<!-- Generated by org.testng.reporters.JUnitReportReporter -->
<testsuite skipped="0" hostname="DESKTOP-PN3ADTT" name="Package1.TestClass1" tests="10" failures="0" timestamp="24 Jan 2019 00:29:44 GMT" time="0.016" errors="0">
  <testcase name="f" time="0.000" classname="Package1.TestClass1"/>
  <testcase name="f2" time="0.004" classname="Package1.TestClass1"/>
  <testcase name="f4" time="0.000" classname="Package1.TestClass1"/>
  <testcase name="f3" time="0.000" classname="Package1.TestClass1"/>
  <testcase name="f2" time="0.000" classname="Package1.TestClass1"/>
  <testcase name="f1" time="0.000" classname="Package1.TestClass1"/>
  <testcase name="f" time="0.008" classname="Package1.TestClass1"/>
  <testcase name="f1" time="0.000" classname="Package1.TestClass1"/>
  <testcase name="f4" time="0.004" classname="Package1.TestClass1"/>
  <testcase name="f3" time="0.000" classname="Package1.TestClass1"/>
</testsuite> <!-- Package1.TestClass1 -->
